  ShapeMeshes.cpp
C:\Users\prodi\Downloads\CS330Content (1)\CS330Content\3DShapes\ShapeMeshes.cpp(408,59): warning C4305: 'initializing': truncation from 'double' to 'GLfloat'
C:\Users\prodi\Downloads\CS330Content (1)\CS330Content\3DShapes\ShapeMeshes.cpp(410,59): warning C4305: 'initializing': truncation from 'double' to 'GLfloat'
C:\Users\prodi\Downloads\CS330Content (1)\CS330Content\3DShapes\ShapeMeshes.cpp(411,59): warning C4305: 'initializing': truncation from 'double' to 'GLfloat'
C:\Users\prodi\Downloads\CS330Content (1)\CS330Content\3DShapes\ShapeMeshes.cpp(412,59): warning C4305: 'initializing': truncation from 'double' to 'GLfloat'
C:\Users\prodi\Downloads\CS330Content (1)\CS330Content\3DShapes\ShapeMeshes.cpp(413,59): warning C4305: 'initializing': truncation from 'double' to 'GLfloat'
C:\Users\prodi\Downloads\CS330Content (1)\CS330Content\3DShapes\ShapeMeshes.cpp(414,59): warning C4305: 'initializing': truncation from 'double' to 'GLfloat'
C:\Users\prodi\Downloads\CS330Content (1)\CS330Content\3DShapes\ShapeMeshes.cpp(415,59): warning C4305: 'initializing': truncation from 'double' to 'GLfloat'
C:\Users\prodi\Downloads\CS330Content (1)\CS330Content\3DShapes\ShapeMeshes.cpp(416,58): warning C4305: 'initializing': truncation from 'double' to 'GLfloat'
C:\Users\prodi\Downloads\CS330Content (1)\CS330Content\3DShapes\ShapeMeshes.cpp(417,59): warning C4305: 'initializing': truncation from 'double' to 'GLfloat'
C:\Users\prodi\Downloads\CS330Content (1)\CS330Content\3DShapes\ShapeMeshes.cpp(418,58): warning C4305: 'initializing': truncation from 'double' to 'GLfloat'
C:\Users\prodi\Downloads\CS330Content (1)\CS330Content\3DShapes\ShapeMeshes.cpp(419,58): warning C4305: 'initializing': truncation from 'double' to 'GLfloat'
C:\Users\prodi\Downloads\CS330Content (1)\CS330Content\3DShapes\ShapeMeshes.cpp(420,59): warning C4305: 'initializing': truncation from 'double' to 'GLfloat'
C:\Users\prodi\Downloads\CS330Content (1)\CS330Content\3DShapes\ShapeMeshes.cpp(421,58): warning C4305: 'initializing': truncation from 'double' to 'GLfloat'
C:\Users\prodi\Downloads\CS330Content (1)\CS330Content\3DShapes\ShapeMeshes.cpp(422,59): warning C4305: 'initializing': truncation from 'double' to 'GLfloat'
C:\Users\prodi\Downloads\CS330Content (1)\CS330Content\3DShapes\ShapeMeshes.cpp(423,59): warning C4305: 'initializing': truncation from 'double' to 'GLfloat'
C:\Users\prodi\Downloads\CS330Content (1)\CS330Content\3DShapes\ShapeMeshes.cpp(424,59): warning C4305: 'initializing': truncation from 'double' to 'GLfloat'
C:\Users\prodi\Downloads\CS330Content (1)\CS330Content\3DShapes\ShapeMeshes.cpp(425,59): warning C4305: 'initializing': truncation from 'double' to 'GLfloat'
C:\Users\prodi\Downloads\CS330Content (1)\CS330Content\3DShapes\ShapeMeshes.cpp(426,59): warning C4305: 'initializing': truncation from 'double' to 'GLfloat'
C:\Users\prodi\Downloads\CS330Content (1)\CS330Content\3DShapes\ShapeMeshes.cpp(427,59): warning C4305: 'initializing': truncation from 'double' to 'GLfloat'
C:\Users\prodi\Downloads\CS330Content (1)\CS330Content\3DShapes\ShapeMeshes.cpp(428,58): warning C4305: 'initializing': truncation from 'double' to 'GLfloat'
C:\Users\prodi\Downloads\CS330Content (1)\CS330Content\3DShapes\ShapeMeshes.cpp(429,59): warning C4305: 'initializing': truncation from 'double' to 'GLfloat'
C:\Users\prodi\Downloads\CS330Content (1)\CS330Content\3DShapes\ShapeMeshes.cpp(430,58): warning C4305: 'initializing': truncation from 'double' to 'GLfloat'
C:\Users\prodi\Downloads\CS330Content (1)\CS330Content\3DShapes\ShapeMeshes.cpp(431,58): warning C4305: 'initializing': truncation from 'double' to 'GLfloat'
C:\Users\prodi\Downloads\CS330Content (1)\CS330Content\3DShapes\ShapeMeshes.cpp(432,59): warning C4305: 'initializing': truncation from 'double' to 'GLfloat'
C:\Users\prodi\Downloads\CS330Content (1)\CS330Content\3DShapes\ShapeMeshes.cpp(433,58): warning C4305: 'initializing': truncation from 'double' to 'GLfloat'
C:\Users\prodi\Downloads\CS330Content (1)\CS330Content\3DShapes\ShapeMeshes.cpp(434,59): warning C4305: 'initializing': truncation from 'double' to 'GLfloat'
C:\Users\prodi\Downloads\CS330Content (1)\CS330Content\3DShapes\ShapeMeshes.cpp(435,59): warning C4305: 'initializing': truncation from 'double' to 'GLfloat'
C:\Users\prodi\Downloads\CS330Content (1)\CS330Content\3DShapes\ShapeMeshes.cpp(436,59): warning C4305: 'initializing': truncation from 'double' to 'GLfloat'
C:\Users\prodi\Downloads\CS330Content (1)\CS330Content\3DShapes\ShapeMeshes.cpp(437,59): warning C4305: 'initializing': truncation from 'double' to 'GLfloat'
C:\Users\prodi\Downloads\CS330Content (1)\CS330Content\3DShapes\ShapeMeshes.cpp(438,59): warning C4305: 'initializing': truncation from 'double' to 'GLfloat'
C:\Users\prodi\Downloads\CS330Content (1)\CS330Content\3DShapes\ShapeMeshes.cpp(439,59): warning C4305: 'initializing': truncation from 'double' to 'GLfloat'
C:\Users\prodi\Downloads\CS330Content (1)\CS330Content\3DShapes\ShapeMeshes.cpp(440,58): warning C4305: 'initializing': truncation from 'double' to 'GLfloat'
C:\Users\prodi\Downloads\CS330Content (1)\CS330Content\3DShapes\ShapeMeshes.cpp(441,59): warning C4305: 'initializing': truncation from 'double' to 'GLfloat'
C:\Users\prodi\Downloads\CS330Content (1)\CS330Content\3DShapes\ShapeMeshes.cpp(442,58): warning C4305: 'initializing': truncation from 'double' to 'GLfloat'
C:\Users\prodi\Downloads\CS330Content (1)\CS330Content\3DShapes\ShapeMeshes.cpp(443,58): warning C4305: 'initializing': truncation from 'double' to 'GLfloat'
C:\Users\prodi\Downloads\CS330Content (1)\CS330Content\3DShapes\ShapeMeshes.cpp(444,60): warning C4305: 'initializing': truncation from 'double' to 'GLfloat'
C:\Users\prodi\Downloads\CS330Content (1)\CS330Content\3DShapes\ShapeMeshes.cpp(445,59): warning C4305: 'initializing': truncation from 'double' to 'GLfloat'
C:\Users\prodi\Downloads\CS330Content (1)\CS330Content\3DShapes\ShapeMeshes.cpp(446,60): warning C4305: 'initializing': truncation from 'double' to 'GLfloat'
C:\Users\prodi\Downloads\CS330Content (1)\CS330Content\3DShapes\ShapeMeshes.cpp(447,60): warning C4305: 'initializing': truncation from 'double' to 'GLfloat'
C:\Users\prodi\Downloads\CS330Content (1)\CS330Content\3DShapes\ShapeMeshes.cpp(448,60): warning C4305: 'initializing': truncation from 'double' to 'GLfloat'
C:\Users\prodi\Downloads\CS330Content (1)\CS330Content\3DShapes\ShapeMeshes.cpp(449,60): warning C4305: 'initializing': truncation from 'double' to 'GLfloat'
C:\Users\prodi\Downloads\CS330Content (1)\CS330Content\3DShapes\ShapeMeshes.cpp(450,60): warning C4305: 'initializing': truncation from 'double' to 'GLfloat'
C:\Users\prodi\Downloads\CS330Content (1)\CS330Content\3DShapes\ShapeMeshes.cpp(451,60): warning C4305: 'initializing': truncation from 'double' to 'GLfloat'
C:\Users\prodi\Downloads\CS330Content (1)\CS330Content\3DShapes\ShapeMeshes.cpp(452,60): warning C4305: 'initializing': truncation from 'double' to 'GLfloat'
C:\Users\prodi\Downloads\CS330Content (1)\CS330Content\3DShapes\ShapeMeshes.cpp(453,60): warning C4305: 'initializing': truncation from 'double' to 'GLfloat'
C:\Users\prodi\Downloads\CS330Content (1)\CS330Content\3DShapes\ShapeMeshes.cpp(454,60): warning C4305: 'initializing': truncation from 'double' to 'GLfloat'
C:\Users\prodi\Downloads\CS330Content (1)\CS330Content\3DShapes\ShapeMeshes.cpp(455,60): warning C4305: 'initializing': truncation from 'double' to 'GLfloat'
C:\Users\prodi\Downloads\CS330Content (1)\CS330Content\3DShapes\ShapeMeshes.cpp(456,60): warning C4305: 'initializing': truncation from 'double' to 'GLfloat'
C:\Users\prodi\Downloads\CS330Content (1)\CS330Content\3DShapes\ShapeMeshes.cpp(457,60): warning C4305: 'initializing': truncation from 'double' to 'GLfloat'
C:\Users\prodi\Downloads\CS330Content (1)\CS330Content\3DShapes\ShapeMeshes.cpp(458,60): warning C4305: 'initializing': truncation from 'double' to 'GLfloat'
C:\Users\prodi\Downloads\CS330Content (1)\CS330Content\3DShapes\ShapeMeshes.cpp(459,60): warning C4305: 'initializing': truncation from 'double' to 'GLfloat'
C:\Users\prodi\Downloads\CS330Content (1)\CS330Content\3DShapes\ShapeMeshes.cpp(460,60): warning C4305: 'initializing': truncation from 'double' to 'GLfloat'
C:\Users\prodi\Downloads\CS330Content (1)\CS330Content\3DShapes\ShapeMeshes.cpp(461,60): warning C4305: 'initializing': truncation from 'double' to 'GLfloat'
C:\Users\prodi\Downloads\CS330Content (1)\CS330Content\3DShapes\ShapeMeshes.cpp(462,60): warning C4305: 'initializing': truncation from 'double' to 'GLfloat'
C:\Users\prodi\Downloads\CS330Content (1)\CS330Content\3DShapes\ShapeMeshes.cpp(463,60): warning C4305: 'initializing': truncation from 'double' to 'GLfloat'
C:\Users\prodi\Downloads\CS330Content (1)\CS330Content\3DShapes\ShapeMeshes.cpp(464,60): warning C4305: 'initializing': truncation from 'double' to 'GLfloat'
C:\Users\prodi\Downloads\CS330Content (1)\CS330Content\3DShapes\ShapeMeshes.cpp(465,60): warning C4305: 'initializing': truncation from 'double' to 'GLfloat'
C:\Users\prodi\Downloads\CS330Content (1)\CS330Content\3DShapes\ShapeMeshes.cpp(466,60): warning C4305: 'initializing': truncation from 'double' to 'GLfloat'
C:\Users\prodi\Downloads\CS330Content (1)\CS330Content\3DShapes\ShapeMeshes.cpp(467,60): warning C4305: 'initializing': truncation from 'double' to 'GLfloat'
C:\Users\prodi\Downloads\CS330Content (1)\CS330Content\3DShapes\ShapeMeshes.cpp(468,60): warning C4305: 'initializing': truncation from 'double' to 'GLfloat'
C:\Users\prodi\Downloads\CS330Content (1)\CS330Content\3DShapes\ShapeMeshes.cpp(469,60): warning C4305: 'initializing': truncation from 'double' to 'GLfloat'
C:\Users\prodi\Downloads\CS330Content (1)\CS330Content\3DShapes\ShapeMeshes.cpp(470,60): warning C4305: 'initializing': truncation from 'double' to 'GLfloat'
C:\Users\prodi\Downloads\CS330Content (1)\CS330Content\3DShapes\ShapeMeshes.cpp(471,60): warning C4305: 'initializing': truncation from 'double' to 'GLfloat'
C:\Users\prodi\Downloads\CS330Content (1)\CS330Content\3DShapes\ShapeMeshes.cpp(472,60): warning C4305: 'initializing': truncation from 'double' to 'GLfloat'
C:\Users\prodi\Downloads\CS330Content (1)\CS330Content\3DShapes\ShapeMeshes.cpp(473,60): warning C4305: 'initializing': truncation from 'double' to 'GLfloat'
C:\Users\prodi\Downloads\CS330Content (1)\CS330Content\3DShapes\ShapeMeshes.cpp(474,60): warning C4305: 'initializing': truncation from 'double' to 'GLfloat'
C:\Users\prodi\Downloads\CS330Content (1)\CS330Content\3DShapes\ShapeMeshes.cpp(475,60): warning C4305: 'initializing': truncation from 'double' to 'GLfloat'
C:\Users\prodi\Downloads\CS330Content (1)\CS330Content\3DShapes\ShapeMeshes.cpp(476,59): warning C4305: 'initializing': truncation from 'double' to 'GLfloat'
C:\Users\prodi\Downloads\CS330Content (1)\CS330Content\3DShapes\ShapeMeshes.cpp(477,60): warning C4305: 'initializing': truncation from 'double' to 'GLfloat'
C:\Users\prodi\Downloads\CS330Content (1)\CS330Content\3DShapes\ShapeMeshes.cpp(478,59): warning C4305: 'initializing': truncation from 'double' to 'GLfloat'
C:\Users\prodi\Downloads\CS330Content (1)\CS330Content\3DShapes\ShapeMeshes.cpp(479,59): warning C4305: 'initializing': truncation from 'double' to 'GLfloat'
C:\Users\prodi\Downloads\CS330Content (1)\CS330Content\3DShapes\ShapeMeshes.cpp(480,59): warning C4305: 'initializing': truncation from 'double' to 'GLfloat'
C:\Users\prodi\Downloads\CS330Content (1)\CS330Content\3DShapes\ShapeMeshes.cpp(481,58): warning C4305: 'initializing': truncation from 'double' to 'GLfloat'
C:\Users\prodi\Downloads\CS330Content (1)\CS330Content\3DShapes\ShapeMeshes.cpp(482,59): warning C4305: 'initializing': truncation from 'double' to 'GLfloat'
C:\Users\prodi\Downloads\CS330Content (1)\CS330Content\3DShapes\ShapeMeshes.cpp(483,59): warning C4305: 'initializing': truncation from 'double' to 'GLfloat'
C:\Users\prodi\Downloads\CS330Content (1)\CS330Content\3DShapes\ShapeMeshes.cpp(484,59): warning C4305: 'initializing': truncation from 'double' to 'GLfloat'
C:\Users\prodi\Downloads\CS330Content (1)\CS330Content\3DShapes\ShapeMeshes.cpp(485,59): warning C4305: 'initializing': truncation from 'double' to 'GLfloat'
C:\Users\prodi\Downloads\CS330Content (1)\CS330Content\3DShapes\ShapeMeshes.cpp(486,59): warning C4305: 'initializing': truncation from 'double' to 'GLfloat'
C:\Users\prodi\Downloads\CS330Content (1)\CS330Content\3DShapes\ShapeMeshes.cpp(487,59): warning C4305: 'initializing': truncation from 'double' to 'GLfloat'
C:\Users\prodi\Downloads\CS330Content (1)\CS330Content\3DShapes\ShapeMeshes.cpp(488,58): warning C4305: 'initializing': truncation from 'double' to 'GLfloat'
C:\Users\prodi\Downloads\CS330Content (1)\CS330Content\3DShapes\ShapeMeshes.cpp(489,59): warning C4305: 'initializing': truncation from 'double' to 'GLfloat'
C:\Users\prodi\Downloads\CS330Content (1)\CS330Content\3DShapes\ShapeMeshes.cpp(490,58): warning C4305: 'initializing': truncation from 'double' to 'GLfloat'
C:\Users\prodi\Downloads\CS330Content (1)\CS330Content\3DShapes\ShapeMeshes.cpp(491,58): warning C4305: 'initializing': truncation from 'double' to 'GLfloat'
C:\Users\prodi\Downloads\CS330Content (1)\CS330Content\3DShapes\ShapeMeshes.cpp(492,59): warning C4305: 'initializing': truncation from 'double' to 'GLfloat'
C:\Users\prodi\Downloads\CS330Content (1)\CS330Content\3DShapes\ShapeMeshes.cpp(493,58): warning C4305: 'initializing': truncation from 'double' to 'GLfloat'
C:\Users\prodi\Downloads\CS330Content (1)\CS330Content\3DShapes\ShapeMeshes.cpp(494,59): warning C4305: 'initializing': truncation from 'double' to 'GLfloat'
C:\Users\prodi\Downloads\CS330Content (1)\CS330Content\3DShapes\ShapeMeshes.cpp(495,59): warning C4305: 'initializing': truncation from 'double' to 'GLfloat'
C:\Users\prodi\Downloads\CS330Content (1)\CS330Content\3DShapes\ShapeMeshes.cpp(496,59): warning C4305: 'initializing': truncation from 'double' to 'GLfloat'
C:\Users\prodi\Downloads\CS330Content (1)\CS330Content\3DShapes\ShapeMeshes.cpp(497,59): warning C4305: 'initializing': truncation from 'double' to 'GLfloat'
C:\Users\prodi\Downloads\CS330Content (1)\CS330Content\3DShapes\ShapeMeshes.cpp(498,59): warning C4305: 'initializing': truncation from 'double' to 'GLfloat'
C:\Users\prodi\Downloads\CS330Content (1)\CS330Content\3DShapes\ShapeMeshes.cpp(499,59): warning C4305: 'initializing': truncation from 'double' to 'GLfloat'
C:\Users\prodi\Downloads\CS330Content (1)\CS330Content\3DShapes\ShapeMeshes.cpp(500,58): warning C4305: 'initializing': truncation from 'double' to 'GLfloat'
C:\Users\prodi\Downloads\CS330Content (1)\CS330Content\3DShapes\ShapeMeshes.cpp(501,59): warning C4305: 'initializing': truncation from 'double' to 'GLfloat'
C:\Users\prodi\Downloads\CS330Content (1)\CS330Content\3DShapes\ShapeMeshes.cpp(502,58): warning C4305: 'initializing': truncation from 'double' to 'GLfloat'
C:\Users\prodi\Downloads\CS330Content (1)\CS330Content\3DShapes\ShapeMeshes.cpp(503,58): warning C4305: 'initializing': truncation from 'double' to 'GLfloat'
C:\Users\prodi\Downloads\CS330Content (1)\CS330Content\3DShapes\ShapeMeshes.cpp(504,59): warning C4305: 'initializing': truncation from 'double' to 'GLfloat'
C:\Users\prodi\Downloads\CS330Content (1)\CS330Content\3DShapes\ShapeMeshes.cpp(505,58): warning C4305: 'initializing': truncation from 'double' to 'GLfloat'
C:\Users\prodi\Downloads\CS330Content (1)\CS330Content\3DShapes\ShapeMeshes.cpp(506,59): warning C4305: 'initializing': truncation from 'double' to 'GLfloat'
C:\Users\prodi\Downloads\CS330Content (1)\CS330Content\3DShapes\ShapeMeshes.cpp(507,59): warning C4305: 'initializing': truncation from 'double' to 'GLfloat'
C:\Users\prodi\Downloads\CS330Content (1)\CS330Content\3DShapes\ShapeMeshes.cpp(508,59): warning C4305: 'initializing': truncation from 'double' to 'GLfloat'
C:\Users\prodi\Downloads\CS330Content (1)\CS330Content\3DShapes\ShapeMeshes.cpp(509,59): warning C4305: 'initializing': truncation from 'double' to 'GLfloat'
C:\Users\prodi\Downloads\CS330Content (1)\CS330Content\3DShapes\ShapeMeshes.cpp(510,59): warning C4305: 'initializing': truncation from 'double' to 'GLfloat'
C:\Users\prodi\Downloads\CS330Content (1)\CS330Content\3DShapes\ShapeMeshes.cpp(511,59): warning C4305: 'initializing': truncation from 'double' to 'GLfloat'
C:\Users\prodi\Downloads\CS330Content (1)\CS330Content\3DShapes\ShapeMeshes.cpp(512,56): warning C4305: 'initializing': truncation from 'double' to 'GLfloat'
C:\Users\prodi\Downloads\CS330Content (1)\CS330Content\3DShapes\ShapeMeshes.cpp(513,59): warning C4305: 'initializing': truncation from 'double' to 'GLfloat'
C:\Users\prodi\Downloads\CS330Content (1)\CS330Content\3DShapes\ShapeMeshes.cpp(514,56): warning C4305: 'initializing': truncation from 'double' to 'GLfloat'
C:\Users\prodi\Downloads\CS330Content (1)\CS330Content\3DShapes\ShapeMeshes.cpp(515,56): warning C4305: 'initializing': truncation from 'double' to 'GLfloat'
C:\Users\prodi\Downloads\CS330Content (1)\CS330Content\3DShapes\ShapeMeshes.cpp(516,57): warning C4305: 'initializing': truncation from 'double' to 'GLfloat'
C:\Users\prodi\Downloads\CS330Content (1)\CS330Content\3DShapes\ShapeMeshes.cpp(517,56): warning C4305: 'initializing': truncation from 'double' to 'GLfloat'
C:\Users\prodi\Downloads\CS330Content (1)\CS330Content\3DShapes\ShapeMeshes.cpp(518,57): warning C4305: 'initializing': truncation from 'double' to 'GLfloat'
C:\Users\prodi\Downloads\CS330Content (1)\CS330Content\3DShapes\ShapeMeshes.cpp(519,57): warning C4305: 'initializing': truncation from 'double' to 'GLfloat'
C:\Users\prodi\Downloads\CS330Content (1)\CS330Content\3DShapes\ShapeMeshes.cpp(520,57): warning C4305: 'initializing': truncation from 'double' to 'GLfloat'
C:\Users\prodi\Downloads\CS330Content (1)\CS330Content\3DShapes\ShapeMeshes.cpp(521,57): warning C4305: 'initializing': truncation from 'double' to 'GLfloat'
C:\Users\prodi\Downloads\CS330Content (1)\CS330Content\3DShapes\ShapeMeshes.cpp(522,57): warning C4305: 'initializing': truncation from 'double' to 'GLfloat'
C:\Users\prodi\Downloads\CS330Content (1)\CS330Content\3DShapes\ShapeMeshes.cpp(523,57): warning C4305: 'initializing': truncation from 'double' to 'GLfloat'
C:\Users\prodi\Downloads\CS330Content (1)\CS330Content\3DShapes\ShapeMeshes.cpp(524,56): warning C4305: 'initializing': truncation from 'double' to 'GLfloat'
C:\Users\prodi\Downloads\CS330Content (1)\CS330Content\3DShapes\ShapeMeshes.cpp(525,57): warning C4305: 'initializing': truncation from 'double' to 'GLfloat'
C:\Users\prodi\Downloads\CS330Content (1)\CS330Content\3DShapes\ShapeMeshes.cpp(526,56): warning C4305: 'initializing': truncation from 'double' to 'GLfloat'
C:\Users\prodi\Downloads\CS330Content (1)\CS330Content\3DShapes\ShapeMeshes.cpp(527,56): warning C4305: 'initializing': truncation from 'double' to 'GLfloat'
C:\Users\prodi\Downloads\CS330Content (1)\CS330Content\3DShapes\ShapeMeshes.cpp(528,57): warning C4305: 'initializing': truncation from 'double' to 'GLfloat'
C:\Users\prodi\Downloads\CS330Content (1)\CS330Content\3DShapes\ShapeMeshes.cpp(529,56): warning C4305: 'initializing': truncation from 'double' to 'GLfloat'
C:\Users\prodi\Downloads\CS330Content (1)\CS330Content\3DShapes\ShapeMeshes.cpp(530,57): warning C4305: 'initializing': truncation from 'double' to 'GLfloat'
C:\Users\prodi\Downloads\CS330Content (1)\CS330Content\3DShapes\ShapeMeshes.cpp(531,57): warning C4305: 'initializing': truncation from 'double' to 'GLfloat'
C:\Users\prodi\Downloads\CS330Content (1)\CS330Content\3DShapes\ShapeMeshes.cpp(532,57): warning C4305: 'initializing': truncation from 'double' to 'GLfloat'
C:\Users\prodi\Downloads\CS330Content (1)\CS330Content\3DShapes\ShapeMeshes.cpp(533,57): warning C4305: 'initializing': truncation from 'double' to 'GLfloat'
C:\Users\prodi\Downloads\CS330Content (1)\CS330Content\3DShapes\ShapeMeshes.cpp(534,57): warning C4305: 'initializing': truncation from 'double' to 'GLfloat'
C:\Users\prodi\Downloads\CS330Content (1)\CS330Content\3DShapes\ShapeMeshes.cpp(535,57): warning C4305: 'initializing': truncation from 'double' to 'GLfloat'
C:\Users\prodi\Downloads\CS330Content (1)\CS330Content\3DShapes\ShapeMeshes.cpp(536,56): warning C4305: 'initializing': truncation from 'double' to 'GLfloat'
C:\Users\prodi\Downloads\CS330Content (1)\CS330Content\3DShapes\ShapeMeshes.cpp(537,57): warning C4305: 'initializing': truncation from 'double' to 'GLfloat'
C:\Users\prodi\Downloads\CS330Content (1)\CS330Content\3DShapes\ShapeMeshes.cpp(538,56): warning C4305: 'initializing': truncation from 'double' to 'GLfloat'
C:\Users\prodi\Downloads\CS330Content (1)\CS330Content\3DShapes\ShapeMeshes.cpp(539,56): warning C4305: 'initializing': truncation from 'double' to 'GLfloat'
C:\Users\prodi\Downloads\CS330Content (1)\CS330Content\3DShapes\ShapeMeshes.cpp(540,57): warning C4305: 'initializing': truncation from 'double' to 'GLfloat'
C:\Users\prodi\Downloads\CS330Content (1)\CS330Content\3DShapes\ShapeMeshes.cpp(541,56): warning C4305: 'initializing': truncation from 'double' to 'GLfloat'
C:\Users\prodi\Downloads\CS330Content (1)\CS330Content\3DShapes\ShapeMeshes.cpp(542,57): warning C4305: 'initializing': truncation from 'double' to 'GLfloat'
C:\Users\prodi\Downloads\CS330Content (1)\CS330Content\3DShapes\ShapeMeshes.cpp(543,57): warning C4305: 'initializing': truncation from 'double' to 'GLfloat'
C:\Users\prodi\Downloads\CS330Content (1)\CS330Content\3DShapes\ShapeMeshes.cpp(544,57): warning C4305: 'initializing': truncation from 'double' to 'GLfloat'
C:\Users\prodi\Downloads\CS330Content (1)\CS330Content\3DShapes\ShapeMeshes.cpp(545,57): warning C4305: 'initializing': truncation from 'double' to 'GLfloat'
C:\Users\prodi\Downloads\CS330Content (1)\CS330Content\3DShapes\ShapeMeshes.cpp(546,57): warning C4305: 'initializing': truncation from 'double' to 'GLfloat'
C:\Users\prodi\Downloads\CS330Content (1)\CS330Content\3DShapes\ShapeMeshes.cpp(547,57): warning C4305: 'initializing': truncation from 'double' to 'GLfloat'
C:\Users\prodi\Downloads\CS330Content (1)\CS330Content\3DShapes\ShapeMeshes.cpp(549,57): warning C4305: 'initializing': truncation from 'double' to 'GLfloat'
C:\Users\prodi\Downloads\CS330Content (1)\CS330Content\3DShapes\ShapeMeshes.cpp(844,12): warning C4305: 'initializing': truncation from 'double' to 'GLfloat'
C:\Users\prodi\Downloads\CS330Content (1)\CS330Content\3DShapes\ShapeMeshes.cpp(853,13): warning C4305: 'initializing': truncation from 'double' to 'GLfloat'
C:\Users\prodi\Downloads\CS330Content (1)\CS330Content\3DShapes\ShapeMeshes.cpp(981,3): warning C4305: 'initializing': truncation from 'double' to 'GLfloat'
C:\Users\prodi\Downloads\CS330Content (1)\CS330Content\3DShapes\ShapeMeshes.cpp(1096,12): warning C4305: 'initializing': truncation from 'double' to 'GLfloat'
C:\Users\prodi\Downloads\CS330Content (1)\CS330Content\3DShapes\ShapeMeshes.cpp(1105,13): warning C4305: 'initializing': truncation from 'double' to 'GLfloat'
C:\Users\prodi\Downloads\CS330Content (1)\CS330Content\3DShapes\ShapeMeshes.cpp(1670,11): warning C4101: 'v': unreferenced local variable
C:\Users\prodi\Downloads\CS330Content (1)\CS330Content\3DShapes\ShapeMeshes.cpp(1670,8): warning C4101: 'u': unreferenced local variable
C:\Users\prodi\Downloads\CS330Content (1)\CS330Content\3DShapes\ShapeMeshes.cpp(1801,22): warning C4305: 'initializing': truncation from 'double' to 'GLfloat'
C:\Users\prodi\Downloads\CS330Content (1)\CS330Content\3DShapes\ShapeMeshes.cpp(1802,22): warning C4305: 'initializing': truncation from 'double' to 'GLfloat'
C:\Users\prodi\Downloads\CS330Content (1)\CS330Content\3DShapes\ShapeMeshes.cpp(1803,24): warning C4305: 'initializing': truncation from 'double' to 'GLfloat'
C:\Users\prodi\Downloads\CS330Content (1)\CS330Content\3DShapes\ShapeMeshes.cpp(1803,58): warning C4305: 'initializing': truncation from 'double' to 'GLfloat'
C:\Users\prodi\Downloads\CS330Content (1)\CS330Content\3DShapes\ShapeMeshes.cpp(1804,22): warning C4305: 'initializing': truncation from 'double' to 'GLfloat'
C:\Users\prodi\Downloads\CS330Content (1)\CS330Content\3DShapes\ShapeMeshes.cpp(1805,24): warning C4305: 'initializing': truncation from 'double' to 'GLfloat'
C:\Users\prodi\Downloads\CS330Content (1)\CS330Content\3DShapes\ShapeMeshes.cpp(1805,59): warning C4305: 'initializing': truncation from 'double' to 'GLfloat'
C:\Users\prodi\Downloads\CS330Content (1)\CS330Content\3DShapes\ShapeMeshes.cpp(1806,24): warning C4305: 'initializing': truncation from 'double' to 'GLfloat'
C:\Users\prodi\Downloads\CS330Content (1)\CS330Content\3DShapes\ShapeMeshes.cpp(1806,58): warning C4305: 'initializing': truncation from 'double' to 'GLfloat'
C:\Users\prodi\Downloads\CS330Content (1)\CS330Content\3DShapes\ShapeMeshes.cpp(1807,59): warning C4305: 'initializing': truncation from 'double' to 'GLfloat'
C:\Users\prodi\Downloads\CS330Content (1)\CS330Content\3DShapes\ShapeMeshes.cpp(1808,59): warning C4305: 'initializing': truncation from 'double' to 'GLfloat'
C:\Users\prodi\Downloads\CS330Content (1)\CS330Content\3DShapes\ShapeMeshes.cpp(1809,59): warning C4305: 'initializing': truncation from 'double' to 'GLfloat'
C:\Users\prodi\Downloads\CS330Content (1)\CS330Content\3DShapes\ShapeMeshes.cpp(1810,59): warning C4305: 'initializing': truncation from 'double' to 'GLfloat'
C:\Users\prodi\Downloads\CS330Content (1)\CS330Content\3DShapes\ShapeMeshes.cpp(1811,58): warning C4305: 'initializing': truncation from 'double' to 'GLfloat'
C:\Users\prodi\Downloads\CS330Content (1)\CS330Content\3DShapes\ShapeMeshes.cpp(1812,59): warning C4305: 'initializing': truncation from 'double' to 'GLfloat'
C:\Users\prodi\Downloads\CS330Content (1)\CS330Content\3DShapes\ShapeMeshes.cpp(1813,59): warning C4305: 'initializing': truncation from 'double' to 'GLfloat'
C:\Users\prodi\Downloads\CS330Content (1)\CS330Content\3DShapes\ShapeMeshes.cpp(1814,58): warning C4305: 'initializing': truncation from 'double' to 'GLfloat'
C:\Users\prodi\Downloads\CS330Content (1)\CS330Content\3DShapes\ShapeMeshes.cpp(1815,59): warning C4305: 'initializing': truncation from 'double' to 'GLfloat'
C:\Users\prodi\Downloads\CS330Content (1)\CS330Content\3DShapes\ShapeMeshes.cpp(1816,59): warning C4305: 'initializing': truncation from 'double' to 'GLfloat'
C:\Users\prodi\Downloads\CS330Content (1)\CS330Content\3DShapes\ShapeMeshes.cpp(1817,59): warning C4305: 'initializing': truncation from 'double' to 'GLfloat'
C:\Users\prodi\Downloads\CS330Content (1)\CS330Content\3DShapes\ShapeMeshes.cpp(1818,59): warning C4305: 'initializing': truncation from 'double' to 'GLfloat'
C:\Users\prodi\Downloads\CS330Content (1)\CS330Content\3DShapes\ShapeMeshes.cpp(1819,59): warning C4305: 'initializing': truncation from 'double' to 'GLfloat'
C:\Users\prodi\Downloads\CS330Content (1)\CS330Content\3DShapes\ShapeMeshes.cpp(1820,59): warning C4305: 'initializing': truncation from 'double' to 'GLfloat'
C:\Users\prodi\Downloads\CS330Content (1)\CS330Content\3DShapes\ShapeMeshes.cpp(1821,59): warning C4305: 'initializing': truncation from 'double' to 'GLfloat'
C:\Users\prodi\Downloads\CS330Content (1)\CS330Content\3DShapes\ShapeMeshes.cpp(1822,59): warning C4305: 'initializing': truncation from 'double' to 'GLfloat'
C:\Users\prodi\Downloads\CS330Content (1)\CS330Content\3DShapes\ShapeMeshes.cpp(1823,58): warning C4305: 'initializing': truncation from 'double' to 'GLfloat'
C:\Users\prodi\Downloads\CS330Content (1)\CS330Content\3DShapes\ShapeMeshes.cpp(1824,59): warning C4305: 'initializing': truncation from 'double' to 'GLfloat'
C:\Users\prodi\Downloads\CS330Content (1)\CS330Content\3DShapes\ShapeMeshes.cpp(1825,59): warning C4305: 'initializing': truncation from 'double' to 'GLfloat'
C:\Users\prodi\Downloads\CS330Content (1)\CS330Content\3DShapes\ShapeMeshes.cpp(1826,58): warning C4305: 'initializing': truncation from 'double' to 'GLfloat'
C:\Users\prodi\Downloads\CS330Content (1)\CS330Content\3DShapes\ShapeMeshes.cpp(1827,59): warning C4305: 'initializing': truncation from 'double' to 'GLfloat'
C:\Users\prodi\Downloads\CS330Content (1)\CS330Content\3DShapes\ShapeMeshes.cpp(1828,59): warning C4305: 'initializing': truncation from 'double' to 'GLfloat'
C:\Users\prodi\Downloads\CS330Content (1)\CS330Content\3DShapes\ShapeMeshes.cpp(1829,59): warning C4305: 'initializing': truncation from 'double' to 'GLfloat'
C:\Users\prodi\Downloads\CS330Content (1)\CS330Content\3DShapes\ShapeMeshes.cpp(1830,59): warning C4305: 'initializing': truncation from 'double' to 'GLfloat'
C:\Users\prodi\Downloads\CS330Content (1)\CS330Content\3DShapes\ShapeMeshes.cpp(1831,59): warning C4305: 'initializing': truncation from 'double' to 'GLfloat'
C:\Users\prodi\Downloads\CS330Content (1)\CS330Content\3DShapes\ShapeMeshes.cpp(1832,59): warning C4305: 'initializing': truncation from 'double' to 'GLfloat'
C:\Users\prodi\Downloads\CS330Content (1)\CS330Content\3DShapes\ShapeMeshes.cpp(1833,59): warning C4305: 'initializing': truncation from 'double' to 'GLfloat'
C:\Users\prodi\Downloads\CS330Content (1)\CS330Content\3DShapes\ShapeMeshes.cpp(1834,59): warning C4305: 'initializing': truncation from 'double' to 'GLfloat'
C:\Users\prodi\Downloads\CS330Content (1)\CS330Content\3DShapes\ShapeMeshes.cpp(1835,58): warning C4305: 'initializing': truncation from 'double' to 'GLfloat'
C:\Users\prodi\Downloads\CS330Content (1)\CS330Content\3DShapes\ShapeMeshes.cpp(1836,59): warning C4305: 'initializing': truncation from 'double' to 'GLfloat'
C:\Users\prodi\Downloads\CS330Content (1)\CS330Content\3DShapes\ShapeMeshes.cpp(1837,59): warning C4305: 'initializing': truncation from 'double' to 'GLfloat'
C:\Users\prodi\Downloads\CS330Content (1)\CS330Content\3DShapes\ShapeMeshes.cpp(1838,59): warning C4305: 'initializing': truncation from 'double' to 'GLfloat'
C:\Users\prodi\Downloads\CS330Content (1)\CS330Content\3DShapes\ShapeMeshes.cpp(1839,60): warning C4305: 'initializing': truncation from 'double' to 'GLfloat'
C:\Users\prodi\Downloads\CS330Content (1)\CS330Content\3DShapes\ShapeMeshes.cpp(1840,59): warning C4305: 'initializing': truncation from 'double' to 'GLfloat'
C:\Users\prodi\Downloads\CS330Content (1)\CS330Content\3DShapes\ShapeMeshes.cpp(1841,61): warning C4305: 'initializing': truncation from 'double' to 'GLfloat'
C:\Users\prodi\Downloads\CS330Content (1)\CS330Content\3DShapes\ShapeMeshes.cpp(1842,60): warning C4305: 'initializing': truncation from 'double' to 'GLfloat'
C:\Users\prodi\Downloads\CS330Content (1)\CS330Content\3DShapes\ShapeMeshes.cpp(1843,60): warning C4305: 'initializing': truncation from 'double' to 'GLfloat'
C:\Users\prodi\Downloads\CS330Content (1)\CS330Content\3DShapes\ShapeMeshes.cpp(1844,61): warning C4305: 'initializing': truncation from 'double' to 'GLfloat'
C:\Users\prodi\Downloads\CS330Content (1)\CS330Content\3DShapes\ShapeMeshes.cpp(1845,60): warning C4305: 'initializing': truncation from 'double' to 'GLfloat'
C:\Users\prodi\Downloads\CS330Content (1)\CS330Content\3DShapes\ShapeMeshes.cpp(1846,60): warning C4305: 'initializing': truncation from 'double' to 'GLfloat'
C:\Users\prodi\Downloads\CS330Content (1)\CS330Content\3DShapes\ShapeMeshes.cpp(1847,60): warning C4305: 'initializing': truncation from 'double' to 'GLfloat'
C:\Users\prodi\Downloads\CS330Content (1)\CS330Content\3DShapes\ShapeMeshes.cpp(1848,60): warning C4305: 'initializing': truncation from 'double' to 'GLfloat'
C:\Users\prodi\Downloads\CS330Content (1)\CS330Content\3DShapes\ShapeMeshes.cpp(1849,61): warning C4305: 'initializing': truncation from 'double' to 'GLfloat'
C:\Users\prodi\Downloads\CS330Content (1)\CS330Content\3DShapes\ShapeMeshes.cpp(1850,60): warning C4305: 'initializing': truncation from 'double' to 'GLfloat'
C:\Users\prodi\Downloads\CS330Content (1)\CS330Content\3DShapes\ShapeMeshes.cpp(1851,60): warning C4305: 'initializing': truncation from 'double' to 'GLfloat'
C:\Users\prodi\Downloads\CS330Content (1)\CS330Content\3DShapes\ShapeMeshes.cpp(1852,61): warning C4305: 'initializing': truncation from 'double' to 'GLfloat'
C:\Users\prodi\Downloads\CS330Content (1)\CS330Content\3DShapes\ShapeMeshes.cpp(1853,61): warning C4305: 'initializing': truncation from 'double' to 'GLfloat'
C:\Users\prodi\Downloads\CS330Content (1)\CS330Content\3DShapes\ShapeMeshes.cpp(1854,60): warning C4305: 'initializing': truncation from 'double' to 'GLfloat'
C:\Users\prodi\Downloads\CS330Content (1)\CS330Content\3DShapes\ShapeMeshes.cpp(1855,60): warning C4305: 'initializing': truncation from 'double' to 'GLfloat'
C:\Users\prodi\Downloads\CS330Content (1)\CS330Content\3DShapes\ShapeMeshes.cpp(1856,61): warning C4305: 'initializing': truncation from 'double' to 'GLfloat'
C:\Users\prodi\Downloads\CS330Content (1)\CS330Content\3DShapes\ShapeMeshes.cpp(1857,61): warning C4305: 'initializing': truncation from 'double' to 'GLfloat'
C:\Users\prodi\Downloads\CS330Content (1)\CS330Content\3DShapes\ShapeMeshes.cpp(1858,60): warning C4305: 'initializing': truncation from 'double' to 'GLfloat'
C:\Users\prodi\Downloads\CS330Content (1)\CS330Content\3DShapes\ShapeMeshes.cpp(1859,60): warning C4305: 'initializing': truncation from 'double' to 'GLfloat'
C:\Users\prodi\Downloads\CS330Content (1)\CS330Content\3DShapes\ShapeMeshes.cpp(1860,61): warning C4305: 'initializing': truncation from 'double' to 'GLfloat'
C:\Users\prodi\Downloads\CS330Content (1)\CS330Content\3DShapes\ShapeMeshes.cpp(1861,61): warning C4305: 'initializing': truncation from 'double' to 'GLfloat'
C:\Users\prodi\Downloads\CS330Content (1)\CS330Content\3DShapes\ShapeMeshes.cpp(1862,60): warning C4305: 'initializing': truncation from 'double' to 'GLfloat'
C:\Users\prodi\Downloads\CS330Content (1)\CS330Content\3DShapes\ShapeMeshes.cpp(1863,60): warning C4305: 'initializing': truncation from 'double' to 'GLfloat'
C:\Users\prodi\Downloads\CS330Content (1)\CS330Content\3DShapes\ShapeMeshes.cpp(1864,61): warning C4305: 'initializing': truncation from 'double' to 'GLfloat'
C:\Users\prodi\Downloads\CS330Content (1)\CS330Content\3DShapes\ShapeMeshes.cpp(1865,60): warning C4305: 'initializing': truncation from 'double' to 'GLfloat'
C:\Users\prodi\Downloads\CS330Content (1)\CS330Content\3DShapes\ShapeMeshes.cpp(1866,60): warning C4305: 'initializing': truncation from 'double' to 'GLfloat'
C:\Users\prodi\Downloads\CS330Content (1)\CS330Content\3DShapes\ShapeMeshes.cpp(1867,60): warning C4305: 'initializing': truncation from 'double' to 'GLfloat'
C:\Users\prodi\Downloads\CS330Content (1)\CS330Content\3DShapes\ShapeMeshes.cpp(1868,60): warning C4305: 'initializing': truncation from 'double' to 'GLfloat'
C:\Users\prodi\Downloads\CS330Content (1)\CS330Content\3DShapes\ShapeMeshes.cpp(1869,61): warning C4305: 'initializing': truncation from 'double' to 'GLfloat'
C:\Users\prodi\Downloads\CS330Content (1)\CS330Content\3DShapes\ShapeMeshes.cpp(1870,60): warning C4305: 'initializing': truncation from 'double' to 'GLfloat'
C:\Users\prodi\Downloads\CS330Content (1)\CS330Content\3DShapes\ShapeMeshes.cpp(1871,59): warning C4305: 'initializing': truncation from 'double' to 'GLfloat'
C:\Users\prodi\Downloads\CS330Content (1)\CS330Content\3DShapes\ShapeMeshes.cpp(1872,61): warning C4305: 'initializing': truncation from 'double' to 'GLfloat'
C:\Users\prodi\Downloads\CS330Content (1)\CS330Content\3DShapes\ShapeMeshes.cpp(1873,59): warning C4305: 'initializing': truncation from 'double' to 'GLfloat'
C:\Users\prodi\Downloads\CS330Content (1)\CS330Content\3DShapes\ShapeMeshes.cpp(1874,59): warning C4305: 'initializing': truncation from 'double' to 'GLfloat'
C:\Users\prodi\Downloads\CS330Content (1)\CS330Content\3DShapes\ShapeMeshes.cpp(1875,59): warning C4305: 'initializing': truncation from 'double' to 'GLfloat'
C:\Users\prodi\Downloads\CS330Content (1)\CS330Content\3DShapes\ShapeMeshes.cpp(1876,58): warning C4305: 'initializing': truncation from 'double' to 'GLfloat'
C:\Users\prodi\Downloads\CS330Content (1)\CS330Content\3DShapes\ShapeMeshes.cpp(1877,59): warning C4305: 'initializing': truncation from 'double' to 'GLfloat'
C:\Users\prodi\Downloads\CS330Content (1)\CS330Content\3DShapes\ShapeMeshes.cpp(1878,59): warning C4305: 'initializing': truncation from 'double' to 'GLfloat'
C:\Users\prodi\Downloads\CS330Content (1)\CS330Content\3DShapes\ShapeMeshes.cpp(1879,59): warning C4305: 'initializing': truncation from 'double' to 'GLfloat'
C:\Users\prodi\Downloads\CS330Content (1)\CS330Content\3DShapes\ShapeMeshes.cpp(1880,59): warning C4305: 'initializing': truncation from 'double' to 'GLfloat'
C:\Users\prodi\Downloads\CS330Content (1)\CS330Content\3DShapes\ShapeMeshes.cpp(1881,59): warning C4305: 'initializing': truncation from 'double' to 'GLfloat'
C:\Users\prodi\Downloads\CS330Content (1)\CS330Content\3DShapes\ShapeMeshes.cpp(1882,59): warning C4305: 'initializing': truncation from 'double' to 'GLfloat'
C:\Users\prodi\Downloads\CS330Content (1)\CS330Content\3DShapes\ShapeMeshes.cpp(1883,58): warning C4305: 'initializing': truncation from 'double' to 'GLfloat'
C:\Users\prodi\Downloads\CS330Content (1)\CS330Content\3DShapes\ShapeMeshes.cpp(1884,59): warning C4305: 'initializing': truncation from 'double' to 'GLfloat'
C:\Users\prodi\Downloads\CS330Content (1)\CS330Content\3DShapes\ShapeMeshes.cpp(1885,59): warning C4305: 'initializing': truncation from 'double' to 'GLfloat'
C:\Users\prodi\Downloads\CS330Content (1)\CS330Content\3DShapes\ShapeMeshes.cpp(1886,58): warning C4305: 'initializing': truncation from 'double' to 'GLfloat'
C:\Users\prodi\Downloads\CS330Content (1)\CS330Content\3DShapes\ShapeMeshes.cpp(1887,59): warning C4305: 'initializing': truncation from 'double' to 'GLfloat'
C:\Users\prodi\Downloads\CS330Content (1)\CS330Content\3DShapes\ShapeMeshes.cpp(1888,59): warning C4305: 'initializing': truncation from 'double' to 'GLfloat'
C:\Users\prodi\Downloads\CS330Content (1)\CS330Content\3DShapes\ShapeMeshes.cpp(1889,59): warning C4305: 'initializing': truncation from 'double' to 'GLfloat'
C:\Users\prodi\Downloads\CS330Content (1)\CS330Content\3DShapes\ShapeMeshes.cpp(1890,59): warning C4305: 'initializing': truncation from 'double' to 'GLfloat'
C:\Users\prodi\Downloads\CS330Content (1)\CS330Content\3DShapes\ShapeMeshes.cpp(1891,59): warning C4305: 'initializing': truncation from 'double' to 'GLfloat'
C:\Users\prodi\Downloads\CS330Content (1)\CS330Content\3DShapes\ShapeMeshes.cpp(1892,59): warning C4305: 'initializing': truncation from 'double' to 'GLfloat'
C:\Users\prodi\Downloads\CS330Content (1)\CS330Content\3DShapes\ShapeMeshes.cpp(1893,59): warning C4305: 'initializing': truncation from 'double' to 'GLfloat'
C:\Users\prodi\Downloads\CS330Content (1)\CS330Content\3DShapes\ShapeMeshes.cpp(1894,59): warning C4305: 'initializing': truncation from 'double' to 'GLfloat'
C:\Users\prodi\Downloads\CS330Content (1)\CS330Content\3DShapes\ShapeMeshes.cpp(1895,58): warning C4305: 'initializing': truncation from 'double' to 'GLfloat'
C:\Users\prodi\Downloads\CS330Content (1)\CS330Content\3DShapes\ShapeMeshes.cpp(1896,59): warning C4305: 'initializing': truncation from 'double' to 'GLfloat'
C:\Users\prodi\Downloads\CS330Content (1)\CS330Content\3DShapes\ShapeMeshes.cpp(1897,59): warning C4305: 'initializing': truncation from 'double' to 'GLfloat'
C:\Users\prodi\Downloads\CS330Content (1)\CS330Content\3DShapes\ShapeMeshes.cpp(1898,58): warning C4305: 'initializing': truncation from 'double' to 'GLfloat'
C:\Users\prodi\Downloads\CS330Content (1)\CS330Content\3DShapes\ShapeMeshes.cpp(1899,59): warning C4305: 'initializing': truncation from 'double' to 'GLfloat'
C:\Users\prodi\Downloads\CS330Content (1)\CS330Content\3DShapes\ShapeMeshes.cpp(1900,59): warning C4305: 'initializing': truncation from 'double' to 'GLfloat'
C:\Users\prodi\Downloads\CS330Content (1)\CS330Content\3DShapes\ShapeMeshes.cpp(1901,59): warning C4305: 'initializing': truncation from 'double' to 'GLfloat'
C:\Users\prodi\Downloads\CS330Content (1)\CS330Content\3DShapes\ShapeMeshes.cpp(1902,59): warning C4305: 'initializing': truncation from 'double' to 'GLfloat'
C:\Users\prodi\Downloads\CS330Content (1)\CS330Content\3DShapes\ShapeMeshes.cpp(1903,59): warning C4305: 'initializing': truncation from 'double' to 'GLfloat'
C:\Users\prodi\Downloads\CS330Content (1)\CS330Content\3DShapes\ShapeMeshes.cpp(1904,59): warning C4305: 'initializing': truncation from 'double' to 'GLfloat'
C:\Users\prodi\Downloads\CS330Content (1)\CS330Content\3DShapes\ShapeMeshes.cpp(1905,59): warning C4305: 'initializing': truncation from 'double' to 'GLfloat'
C:\Users\prodi\Downloads\CS330Content (1)\CS330Content\3DShapes\ShapeMeshes.cpp(1906,59): warning C4305: 'initializing': truncation from 'double' to 'GLfloat'
C:\Users\prodi\Downloads\CS330Content (1)\CS330Content\3DShapes\ShapeMeshes.cpp(1907,57): warning C4305: 'initializing': truncation from 'double' to 'GLfloat'
C:\Users\prodi\Downloads\CS330Content (1)\CS330Content\3DShapes\ShapeMeshes.cpp(1908,59): warning C4305: 'initializing': truncation from 'double' to 'GLfloat'
C:\Users\prodi\Downloads\CS330Content (1)\CS330Content\3DShapes\ShapeMeshes.cpp(1909,57): warning C4305: 'initializing': truncation from 'double' to 'GLfloat'
C:\Users\prodi\Downloads\CS330Content (1)\CS330Content\3DShapes\ShapeMeshes.cpp(1910,57): warning C4305: 'initializing': truncation from 'double' to 'GLfloat'
C:\Users\prodi\Downloads\CS330Content (1)\CS330Content\3DShapes\ShapeMeshes.cpp(1911,57): warning C4305: 'initializing': truncation from 'double' to 'GLfloat'
C:\Users\prodi\Downloads\CS330Content (1)\CS330Content\3DShapes\ShapeMeshes.cpp(1912,56): warning C4305: 'initializing': truncation from 'double' to 'GLfloat'
C:\Users\prodi\Downloads\CS330Content (1)\CS330Content\3DShapes\ShapeMeshes.cpp(1913,58): warning C4305: 'initializing': truncation from 'double' to 'GLfloat'
C:\Users\prodi\Downloads\CS330Content (1)\CS330Content\3DShapes\ShapeMeshes.cpp(1914,57): warning C4305: 'initializing': truncation from 'double' to 'GLfloat'
C:\Users\prodi\Downloads\CS330Content (1)\CS330Content\3DShapes\ShapeMeshes.cpp(1915,57): warning C4305: 'initializing': truncation from 'double' to 'GLfloat'
C:\Users\prodi\Downloads\CS330Content (1)\CS330Content\3DShapes\ShapeMeshes.cpp(1916,58): warning C4305: 'initializing': truncation from 'double' to 'GLfloat'
C:\Users\prodi\Downloads\CS330Content (1)\CS330Content\3DShapes\ShapeMeshes.cpp(1917,57): warning C4305: 'initializing': truncation from 'double' to 'GLfloat'
C:\Users\prodi\Downloads\CS330Content (1)\CS330Content\3DShapes\ShapeMeshes.cpp(1918,57): warning C4305: 'initializing': truncation from 'double' to 'GLfloat'
C:\Users\prodi\Downloads\CS330Content (1)\CS330Content\3DShapes\ShapeMeshes.cpp(1919,56): warning C4305: 'initializing': truncation from 'double' to 'GLfloat'
C:\Users\prodi\Downloads\CS330Content (1)\CS330Content\3DShapes\ShapeMeshes.cpp(1920,57): warning C4305: 'initializing': truncation from 'double' to 'GLfloat'
C:\Users\prodi\Downloads\CS330Content (1)\CS330Content\3DShapes\ShapeMeshes.cpp(1921,58): warning C4305: 'initializing': truncation from 'double' to 'GLfloat'
C:\Users\prodi\Downloads\CS330Content (1)\CS330Content\3DShapes\ShapeMeshes.cpp(1922,56): warning C4305: 'initializing': truncation from 'double' to 'GLfloat'
C:\Users\prodi\Downloads\CS330Content (1)\CS330Content\3DShapes\ShapeMeshes.cpp(1923,57): warning C4305: 'initializing': truncation from 'double' to 'GLfloat'
C:\Users\prodi\Downloads\CS330Content (1)\CS330Content\3DShapes\ShapeMeshes.cpp(1924,58): warning C4305: 'initializing': truncation from 'double' to 'GLfloat'
C:\Users\prodi\Downloads\CS330Content (1)\CS330Content\3DShapes\ShapeMeshes.cpp(1925,58): warning C4305: 'initializing': truncation from 'double' to 'GLfloat'
C:\Users\prodi\Downloads\CS330Content (1)\CS330Content\3DShapes\ShapeMeshes.cpp(1926,57): warning C4305: 'initializing': truncation from 'double' to 'GLfloat'
C:\Users\prodi\Downloads\CS330Content (1)\CS330Content\3DShapes\ShapeMeshes.cpp(1927,57): warning C4305: 'initializing': truncation from 'double' to 'GLfloat'
C:\Users\prodi\Downloads\CS330Content (1)\CS330Content\3DShapes\ShapeMeshes.cpp(1928,58): warning C4305: 'initializing': truncation from 'double' to 'GLfloat'
C:\Users\prodi\Downloads\CS330Content (1)\CS330Content\3DShapes\ShapeMeshes.cpp(1929,58): warning C4305: 'initializing': truncation from 'double' to 'GLfloat'
C:\Users\prodi\Downloads\CS330Content (1)\CS330Content\3DShapes\ShapeMeshes.cpp(1930,57): warning C4305: 'initializing': truncation from 'double' to 'GLfloat'
C:\Users\prodi\Downloads\CS330Content (1)\CS330Content\3DShapes\ShapeMeshes.cpp(1931,56): warning C4305: 'initializing': truncation from 'double' to 'GLfloat'
C:\Users\prodi\Downloads\CS330Content (1)\CS330Content\3DShapes\ShapeMeshes.cpp(1932,58): warning C4305: 'initializing': truncation from 'double' to 'GLfloat'
C:\Users\prodi\Downloads\CS330Content (1)\CS330Content\3DShapes\ShapeMeshes.cpp(1933,58): warning C4305: 'initializing': truncation from 'double' to 'GLfloat'
C:\Users\prodi\Downloads\CS330Content (1)\CS330Content\3DShapes\ShapeMeshes.cpp(1934,56): warning C4305: 'initializing': truncation from 'double' to 'GLfloat'
C:\Users\prodi\Downloads\CS330Content (1)\CS330Content\3DShapes\ShapeMeshes.cpp(1935,57): warning C4305: 'initializing': truncation from 'double' to 'GLfloat'
C:\Users\prodi\Downloads\CS330Content (1)\CS330Content\3DShapes\ShapeMeshes.cpp(1936,58): warning C4305: 'initializing': truncation from 'double' to 'GLfloat'
C:\Users\prodi\Downloads\CS330Content (1)\CS330Content\3DShapes\ShapeMeshes.cpp(1937,57): warning C4305: 'initializing': truncation from 'double' to 'GLfloat'
C:\Users\prodi\Downloads\CS330Content (1)\CS330Content\3DShapes\ShapeMeshes.cpp(1938,57): warning C4305: 'initializing': truncation from 'double' to 'GLfloat'
C:\Users\prodi\Downloads\CS330Content (1)\CS330Content\3DShapes\ShapeMeshes.cpp(1939,57): warning C4305: 'initializing': truncation from 'double' to 'GLfloat'
C:\Users\prodi\Downloads\CS330Content (1)\CS330Content\3DShapes\ShapeMeshes.cpp(1940,57): warning C4305: 'initializing': truncation from 'double' to 'GLfloat'
C:\Users\prodi\Downloads\CS330Content (1)\CS330Content\3DShapes\ShapeMeshes.cpp(1941,58): warning C4305: 'initializing': truncation from 'double' to 'GLfloat'
C:\Users\prodi\Downloads\CS330Content (1)\CS330Content\3DShapes\ShapeMeshes.cpp(1942,57): warning C4305: 'initializing': truncation from 'double' to 'GLfloat'
C:\Users\prodi\Downloads\CS330Content (1)\CS330Content\3DShapes\ShapeMeshes.cpp(1944,58): warning C4305: 'initializing': truncation from 'double' to 'GLfloat'
C:\Users\prodi\Downloads\CS330Content (1)\CS330Content\3DShapes\ShapeMeshes.cpp(2036,23): warning C4244: 'initializing': conversion from 'double' to 'float', possible loss of data
C:\Users\prodi\Downloads\CS330Content (1)\CS330Content\3DShapes\ShapeMeshes.cpp(2037,21): warning C4244: 'initializing': conversion from 'double' to 'float', possible loss of data
C:\Users\prodi\Downloads\CS330Content (1)\CS330Content\3DShapes\ShapeMeshes.cpp(2127,20): warning C4018: '<': signed/unsigned mismatch
  ShaderManager.cpp
  MainCode.cpp
  SceneManager.cpp
C:\Users\prodi\Downloads\CS330Content (1)\CS330Content\Projects\7-1_FinalProjectMilestones\Source\SceneManager.cpp(298,16): warning C4018: '<': signed/unsigned mismatch
  ViewManager.cpp
C:\Users\prodi\Downloads\CS330Content (1)\CS330Content\Projects\7-1_FinalProjectMilestones\Source\ViewManager.cpp(250,21): warning C4244: 'initializing': conversion from 'double' to 'float', possible loss of data
  Generating Code...
  7-1_FinalProjectMilestones.vcxproj -> C:\Users\prodi\Downloads\CS330Content (1)\CS330Content\Projects\7-1_FinalProjectMilestones\Debug\7-1_FinalProjectMilestones.exe
